07/26/2023 12:11:38 PM INFO Inició la función get_file_path
07/26/2023 12:11:38 PM INFO El archivo 12_Month_Statement.xlsx ha sido leído en un dataframe.
07/26/2023 12:11:38 PM INFO Cargando dataframe desde /Users/joshmysore/Code/CCLA/uf-model-transform/yardi_statements/12_Month_Statement.xlsx
07/26/2023 12:11:38 PM INFO Se han creado los prefijos de código basados en el primer dígito del código: [(4, 'REV'), (5, 'RE'), (6, 'NRE'), (7, 'C&GE'), (8, 'OI&E'), (9, 'OI&E')].
07/26/2023 12:11:38 PM INFO Se han creado grupos basados en los prefijos de código: {4: {'codes': [], 'names': [], 'final': [], 'prefix': 'REV'}, 5: {'codes': [], 'names': [], 'final': [], 'prefix': 'RE'}, 6: {'codes': [], 'names': [], 'final': [], 'prefix': 'NRE'}, 7: {'codes': [], 'names': [], 'final': [], 'prefix': 'C&GE'}, 8: {'codes': [], 'names': [], 'final': [], 'prefix': 'OI&E'}, 9: {'codes': [], 'names': [], 'final': [], 'prefix': 'OI&E'}}.
07/26/2023 12:11:38 PM INFO Se ha encontrado la columna de código: Property =  lo07011 lo07012 lo07013 lo07022 lo07023
07/26/2023 12:11:38 PM INFO Se ha creado la columna de nombres basada en la posición de la columna de códigos.
07/26/2023 12:11:38 PM INFO Se han poblado los grupos para el grupo basado en el prefijo del código.
07/26/2023 12:11:38 PM INFO Se han creado las filas de grupo para el grupo basado en el prefijo del código.
07/26/2023 12:11:38 PM INFO Se han creado los datos del grupo para el grupo basado en el prefijo del código.
07/26/2023 12:11:42 PM INFO Hasta este punto, las fechas han poblado el data_dict y el output_df ha sido creado.
07/26/2023 12:11:42 PM INFO Las columnas han sido renombradas a los nombres finales.
07/26/2023 12:11:42 PM INFO Las columnas que solo tienen un encabezado y no tienen datos han sido eliminadas.
07/26/2023 12:11:42 PM INFO Las columnas con la palabra "total" en el nombre han sido eliminadas.
07/26/2023 12:11:42 PM INFO Las columnas han sido ordenadas en base al código completo.
07/26/2023 12:11:42 PM INFO Las columnas han sido reorganizadas en el dataframe.
07/26/2023 12:11:42 PM INFO Columnas para ser sumadas para Revenues w/ VAT - Residential Leasing: ['41130-10: REV - Rent - Residential']
07/26/2023 12:11:42 PM INFO Columnas para ser restadas para Revenues w/ VAT - Residential Leasing: []
07/26/2023 12:11:42 PM INFO Se aplican los divisores ([1, 1, 1, 1, 1, 1, 1, 1, 1, 1, 1, 1]) a la columna.
07/26/2023 12:11:42 PM INFO Datos para Revenues w/ VAT - Residential Leasing: Jun 2022    114966684.0
Jul 2022    114966684.0
Aug 2022    114966684.0
Sep 2022    114966684.0
Oct 2022    114966684.0
Nov 2022    114966684.0
Dec 2022    114966684.0
Jan 2023    171258789.0
Feb 2023    171258789.0
Mar 2023    171258789.0
Apr 2023    171258789.0
May 2023    171258789.0
Name: Revenues w/ VAT - Residential Leasing, dtype: float64
07/26/2023 12:11:42 PM INFO Columnas para ser sumadas para Revenues w/ VAT - Gain/Loss To Lease: ['41347-10: REV - Gain/Loss To Lease']
07/26/2023 12:11:42 PM INFO Columnas para ser restadas para Revenues w/ VAT - Gain/Loss To Lease: []
07/26/2023 12:11:42 PM INFO Se aplican los divisores ([1, 1, 1, 1, 1, 1, 1, 1, 1, 1, 1, 1]) a la columna.
07/26/2023 12:11:42 PM INFO Datos para Revenues w/ VAT - Gain/Loss To Lease: Jun 2022     3976114.0
Jul 2022    10021173.0
Aug 2022     7293025.0
Sep 2022     7321180.0
Oct 2022    15702297.0
Nov 2022     8245520.0
Dec 2022    31557629.0
Jan 2023   -31319150.0
Feb 2023   -28454491.0
Mar 2023   -26222842.0
Apr 2023   -25979626.0
May 2023   -44080324.0
Name: Revenues w/ VAT - Gain/Loss To Lease, dtype: float64
07/26/2023 12:11:42 PM INFO Columnas para ser sumadas para Revenues w/ VAT - Less: Vacancy Factor: ['41350-30: REV - Rent Vacancy - Residential']
07/26/2023 12:11:42 PM INFO Columnas para ser restadas para Revenues w/ VAT - Less: Vacancy Factor: []
07/26/2023 12:11:42 PM INFO Se aplican los divisores ([1, 1, 1, 1, 1, 1, 1, 1, 1, 1, 1, 1]) a la columna.
07/26/2023 12:11:42 PM INFO Datos para Revenues w/ VAT - Less: Vacancy Factor: Jun 2022   -48563739.0
Jul 2022   -44911835.0
Aug 2022   -39931994.0
Sep 2022   -33259545.0
Oct 2022   -26550772.0
Nov 2022   -18944955.0
Dec 2022   -22438314.0
Jan 2023   -35610381.0
Feb 2023   -45564316.0
Mar 2023   -35978501.0
Apr 2023   -37349605.0
May 2023   -16290029.0
Name: Revenues w/ VAT - Less: Vacancy Factor, dtype: float64
07/26/2023 12:11:42 PM INFO Columnas para ser sumadas para Revenues w/ VAT - Less: Concessions: ['41320-10: REV - Rent Concessions']
07/26/2023 12:11:42 PM INFO Columnas para ser restadas para Revenues w/ VAT - Less: Concessions: []
07/26/2023 12:11:42 PM INFO Se aplican los divisores ([1, 1, 1, 1, 1, 1, 1, 1, 1, 1, 1, 1]) a la columna.
07/26/2023 12:11:42 PM INFO Datos para Revenues w/ VAT - Less: Concessions: Jun 2022    -3613578.0
Jul 2022    -9671304.0
Aug 2022    -4301349.0
Sep 2022    -2062819.0
Oct 2022   -10402912.0
Nov 2022    -1159977.0
Dec 2022    -1371819.0
Jan 2023    -7133347.0
Feb 2023    -6984272.0
Mar 2023    -9793572.0
Apr 2023    -8502665.0
May 2023    -4077450.0
Name: Revenues w/ VAT - Less: Concessions, dtype: float64
07/26/2023 12:11:42 PM INFO Columnas para ser sumadas para Revenues w/ VAT - Less: Model Units: ['41347-20: REV - Loss From Model']
07/26/2023 12:11:42 PM INFO Columnas para ser restadas para Revenues w/ VAT - Less: Model Units: []
07/26/2023 12:11:42 PM INFO Se aplican los divisores ([1, 1, 1, 1, 1, 1, 1, 1, 1, 1, 1, 1]) a la columna.
07/26/2023 12:11:42 PM INFO Datos para Revenues w/ VAT - Less: Model Units: Jun 2022   -1635754.0
Jul 2022   -1635754.0
Aug 2022   -1635754.0
Sep 2022   -1635754.0
Oct 2022   -1635754.0
Nov 2022   -1635754.0
Dec 2022   -1635754.0
Jan 2023   -2305032.0
Feb 2023   -1638344.0
Mar 2023   -1638344.0
Apr 2023    -720690.0
May 2023   -1387377.0
Name: Revenues w/ VAT - Less: Model Units, dtype: float64
07/26/2023 12:11:42 PM INFO Columnas para ser sumadas para Revenues w/ VAT - Less: Credit Losses: ['65050-10: NRE - Bad Debt Expense']
07/26/2023 12:11:42 PM INFO Columnas para ser restadas para Revenues w/ VAT - Less: Credit Losses: []
07/26/2023 12:11:42 PM INFO Se aplican los divisores ([1, 1, 1, 1, 1, 1, 1, 1, 1, 1, 1, 1]) a la columna.
07/26/2023 12:11:42 PM INFO Datos para Revenues w/ VAT - Less: Credit Losses: Jun 2022          -0.0
Jul 2022          -0.0
Aug 2022          -0.0
Sep 2022          -0.0
Oct 2022          -0.0
Nov 2022          -0.0
Dec 2022    -4973984.0
Jan 2023    -4246174.0
Feb 2023   -10559357.0
Mar 2023     9220158.0
Apr 2023          -0.0
May 2023   -13786568.0
Name: Revenues w/ VAT - Less: Credit Losses, dtype: float64
07/26/2023 12:11:42 PM INFO Columnas para ser sumadas para Revenues w/ VAT - Service Revenues: ['42030-10: REV - Cleaning Charges Income']
07/26/2023 12:11:42 PM INFO Columnas para ser restadas para Revenues w/ VAT - Service Revenues: []
07/26/2023 12:11:42 PM INFO Se aplican los divisores ([1, 1, 1, 1, 1, 1, 1, 1, 1, 1, 1, 1]) a la columna.
07/26/2023 12:11:42 PM INFO Datos para Revenues w/ VAT - Service Revenues: Jun 2022    109853.0
Jul 2022    463186.0
Aug 2022     45114.0
Sep 2022    283870.0
Oct 2022    168265.0
Nov 2022    171316.0
Dec 2022    239939.0
Jan 2023    516729.0
Feb 2023    199974.0
Mar 2023    684778.0
Apr 2023    400802.0
May 2023    237873.0
Name: Revenues w/ VAT - Service Revenues, dtype: float64
07/26/2023 12:11:42 PM INFO Columnas para ser sumadas para Revenues w/ VAT - Less: Vacancy Factor, Service Revenues: []
07/26/2023 12:11:42 PM INFO Columnas para ser restadas para Revenues w/ VAT - Less: Vacancy Factor, Service Revenues: []
07/26/2023 12:11:42 PM INFO Se aplican los divisores ([1, 1, 1, 1, 1, 1, 1, 1, 1, 1, 1, 1]) a la columna.
07/26/2023 12:11:42 PM INFO Datos para Revenues w/ VAT - Less: Vacancy Factor, Service Revenues: Jun 2022    0.0
Jul 2022    0.0
Aug 2022    0.0
Sep 2022    0.0
Oct 2022    0.0
Nov 2022    0.0
Dec 2022    0.0
Jan 2023    0.0
Feb 2023    0.0
Mar 2023    0.0
Apr 2023    0.0
May 2023    0.0
Name: Revenues w/ VAT - Less: Vacancy Factor, Service Revenues, dtype: float64
07/26/2023 12:11:42 PM INFO Columnas para ser sumadas para Revenues w/o VAT - Residential Parking Income: ['43310-10: REV - Parking Operation Income', '43330-10: REV - Parking Base Rent', '43350-10: REV - Parking Concession']
07/26/2023 12:11:42 PM INFO Columnas para ser restadas para Revenues w/o VAT - Residential Parking Income: []
07/26/2023 12:11:42 PM INFO Se aplican los divisores ([1, 1, 1, 1, 1, 1, 1, 1, 1, 1, 1, 1]) a la columna.
07/26/2023 12:11:42 PM INFO Datos para Revenues w/o VAT - Residential Parking Income: Jun 2022    2410781.0
Jul 2022    2813731.0
Aug 2022    3005001.0
Sep 2022    3363566.0
Oct 2022    3381590.0
Nov 2022    3479147.0
Dec 2022    4267043.0
Jan 2023    3359813.0
Feb 2023    2309868.0
Mar 2023    2553922.0
Apr 2023    1822762.0
May 2023    1937742.0
Name: Revenues w/o VAT - Residential Parking Income, dtype: float64
07/26/2023 12:11:42 PM INFO Columnas para ser sumadas para Revenues w/o VAT - Storage Income: ['43021-01: REV - Storage Income']
07/26/2023 12:11:42 PM INFO Columnas para ser restadas para Revenues w/o VAT - Storage Income: []
07/26/2023 12:11:42 PM INFO Se aplican los divisores ([1, 1, 1, 1, 1, 1, 1, 1, 1, 1, 1, 1]) a la columna.
07/26/2023 12:11:42 PM INFO Datos para Revenues w/o VAT - Storage Income: Jun 2022         0.0
Jul 2022     39847.0
Aug 2022     45461.0
Sep 2022     46018.0
Oct 2022     53031.0
Nov 2022     97227.0
Dec 2022     97821.0
Jan 2023     81835.0
Feb 2023     51167.0
Mar 2023    186638.0
Apr 2023    148706.0
May 2023     97875.0
Name: Revenues w/o VAT - Storage Income, dtype: float64
07/26/2023 12:11:42 PM INFO Columnas para ser sumadas para Revenues w/o VAT - Other Income: ['41310-10: REV - Lease Cancellations', '42051-10: REV - Tenant Work Order', '42480-10: REV - Miscellaneous Income', '42510-10: REV - Key Income', '42515-10: REV - Application Fee', '42560-10: REV - Tenant Damage Income', '43013-20: REV - Pet Rent', '43021-02: REV - Facility Use Fee']
07/26/2023 12:11:42 PM INFO Columnas para ser restadas para Revenues w/o VAT - Other Income: []
07/26/2023 12:11:42 PM INFO Se aplican los divisores ([1, 1, 1, 1, 1, 1, 1, 1, 1, 1, 1, 1]) a la columna.
07/26/2023 12:11:42 PM INFO Datos para Revenues w/o VAT - Other Income: Jun 2022     176497.0
Jul 2022     638191.0
Aug 2022     728280.0
Sep 2022     880994.0
Oct 2022     532742.0
Nov 2022    1450332.0
Dec 2022     932103.0
Jan 2023     903165.0
Feb 2023     815064.0
Mar 2023     780640.0
Apr 2023    4927090.0
May 2023    6346508.0
Name: Revenues w/o VAT - Other Income, dtype: float64
07/26/2023 12:11:42 PM INFO Columnas para ser sumadas para Revenues w/o VAT - Less: Vacancy Factor: []
07/26/2023 12:11:42 PM INFO Columnas para ser restadas para Revenues w/o VAT - Less: Vacancy Factor: []
07/26/2023 12:11:42 PM INFO Se aplican los divisores ([1, 1, 1, 1, 1, 1, 1, 1, 1, 1, 1, 1]) a la columna.
07/26/2023 12:11:42 PM INFO Datos para Revenues w/o VAT - Less: Vacancy Factor: Jun 2022    0.0
Jul 2022    0.0
Aug 2022    0.0
Sep 2022    0.0
Oct 2022    0.0
Nov 2022    0.0
Dec 2022    0.0
Jan 2023    0.0
Feb 2023    0.0
Mar 2023    0.0
Apr 2023    0.0
May 2023    0.0
Name: Revenues w/o VAT - Less: Vacancy Factor, dtype: float64
07/26/2023 12:11:42 PM INFO Columnas para ser sumadas para Revenues w/o VAT - Less: Credit Losses: []
07/26/2023 12:11:42 PM INFO Columnas para ser restadas para Revenues w/o VAT - Less: Credit Losses: []
07/26/2023 12:11:42 PM INFO Se aplican los divisores ([1, 1, 1, 1, 1, 1, 1, 1, 1, 1, 1, 1]) a la columna.
07/26/2023 12:11:42 PM INFO Datos para Revenues w/o VAT - Less: Credit Losses: Jun 2022    0.0
Jul 2022    0.0
Aug 2022    0.0
Sep 2022    0.0
Oct 2022    0.0
Nov 2022    0.0
Dec 2022    0.0
Jan 2023    0.0
Feb 2023    0.0
Mar 2023    0.0
Apr 2023    0.0
May 2023    0.0
Name: Revenues w/o VAT - Less: Credit Losses, dtype: float64
07/26/2023 12:11:42 PM INFO Columnas para ser sumadas para Maintenance - Maintenance Reimbursements: ['41130-20: REV - Rental - Additional Services', '41410-20: REV - Cam Recovery-Estimate']
07/26/2023 12:11:42 PM INFO Columnas para ser restadas para Maintenance - Maintenance Reimbursements: []
07/26/2023 12:11:42 PM INFO Se aplican los divisores ([1, 1, 1, 1, 1, 1, 1, 1, 1, 1, 1, 1]) a la columna.
07/26/2023 12:11:42 PM INFO Datos para Maintenance - Maintenance Reimbursements: Jun 2022    15063769.0
Jul 2022    19286684.0
Aug 2022    23715132.0
Sep 2022    24049505.0
Oct 2022    23964767.0
Nov 2022    22264572.0
Dec 2022    31292841.0
Jan 2023    23298834.0
Feb 2023    20808167.0
Mar 2023    22841974.0
Apr 2023    22384606.0
May 2023    23768434.0
Name: Maintenance - Maintenance Reimbursements, dtype: float64
07/26/2023 12:11:42 PM INFO Columnas para ser sumadas para Maintenance - Less: Vacancy Factor: []
07/26/2023 12:11:42 PM INFO Columnas para ser restadas para Maintenance - Less: Vacancy Factor: []
07/26/2023 12:11:42 PM INFO Se aplican los divisores ([1, 1, 1, 1, 1, 1, 1, 1, 1, 1, 1, 1]) a la columna.
07/26/2023 12:11:42 PM INFO Datos para Maintenance - Less: Vacancy Factor: Jun 2022    0.0
Jul 2022    0.0
Aug 2022    0.0
Sep 2022    0.0
Oct 2022    0.0
Nov 2022    0.0
Dec 2022    0.0
Jan 2023    0.0
Feb 2023    0.0
Mar 2023    0.0
Apr 2023    0.0
May 2023    0.0
Name: Maintenance - Less: Vacancy Factor, dtype: float64
07/26/2023 12:11:42 PM INFO Columnas para ser sumadas para Maintenance - Less: Model Units: []
07/26/2023 12:11:42 PM INFO Columnas para ser restadas para Maintenance - Less: Model Units: []
07/26/2023 12:11:42 PM INFO Se aplican los divisores ([1, 1, 1, 1, 1, 1, 1, 1, 1, 1, 1, 1]) a la columna.
07/26/2023 12:11:42 PM INFO Datos para Maintenance - Less: Model Units: Jun 2022    0.0
Jul 2022    0.0
Aug 2022    0.0
Sep 2022    0.0
Oct 2022    0.0
Nov 2022    0.0
Dec 2022    0.0
Jan 2023    0.0
Feb 2023    0.0
Mar 2023    0.0
Apr 2023    0.0
May 2023    0.0
Name: Maintenance - Less: Model Units, dtype: float64
07/26/2023 12:11:42 PM INFO Columnas para ser sumadas para Maintenance - Less: Credits Losses: []
07/26/2023 12:11:42 PM INFO Columnas para ser restadas para Maintenance - Less: Credits Losses: []
07/26/2023 12:11:42 PM INFO Se aplican los divisores ([1, 1, 1, 1, 1, 1, 1, 1, 1, 1, 1, 1]) a la columna.
07/26/2023 12:11:42 PM INFO Datos para Maintenance - Less: Credits Losses: Jun 2022    0.0
Jul 2022    0.0
Aug 2022    0.0
Sep 2022    0.0
Oct 2022    0.0
Nov 2022    0.0
Dec 2022    0.0
Jan 2023    0.0
Feb 2023    0.0
Mar 2023    0.0
Apr 2023    0.0
May 2023    0.0
Name: Maintenance - Less: Credits Losses, dtype: float64
07/26/2023 12:11:42 PM INFO Columnas para ser sumadas para OpEx - Payroll: ['51110-10: RE - Cleaning-Payroll', '51110-15: RE - Cleaning-Contract Service', '61110-10: NRE - Cleaning-Payroll', '61110-15: NRE - Cleaning-Contract Service', '62110-10: NRE - R&M-Payroll-Salaries', '62140-10: NRE - R&M-Payroll-Outside Contract', '65110-10: NRE - Administrative-Payroll-Salaries', '65330-10: NRE - Other Professional Fees']
07/26/2023 12:11:42 PM INFO Columnas para ser restadas para OpEx - Payroll: []
07/26/2023 12:11:42 PM INFO Se aplican los divisores ([1, 1, 1, 1, 1, 1, 1, 1, 1, 1, 1, 1]) a la columna.
07/26/2023 12:11:42 PM INFO Datos para OpEx - Payroll: Jun 2022   -18583755.0
Jul 2022   -22417335.0
Aug 2022   -22533455.0
Sep 2022   -18522315.0
Oct 2022   -18413834.0
Nov 2022   -14507287.0
Dec 2022   -16081789.0
Jan 2023   -20352140.0
Feb 2023   -17452546.0
Mar 2023   -17286434.0
Apr 2023   -22751244.0
May 2023   -13117014.0
Name: OpEx - Payroll, dtype: float64
07/26/2023 12:11:42 PM INFO Columnas para ser sumadas para OpEx - Marketing: ['68220-10: NRE - Advertising & Promo', '68330-10: NRE - Marketing']
07/26/2023 12:11:42 PM INFO Columnas para ser restadas para OpEx - Marketing: []
07/26/2023 12:11:42 PM INFO Se aplican los divisores ([1, 1, 1, 1, 1, 1, 1, 1, 1, 1, 1, 1]) a la columna.
07/26/2023 12:11:42 PM INFO Datos para OpEx - Marketing: Jun 2022   -2449313.0
Jul 2022   -3303871.0
Aug 2022   -3074060.0
Sep 2022   -2495352.0
Oct 2022   -8423135.0
Nov 2022   -2578859.0
Dec 2022   -2221514.0
Jan 2023   -1846619.0
Feb 2023   -2234514.0
Mar 2023   -6821369.0
Apr 2023   -1755750.0
May 2023   -1540536.0
Name: OpEx - Marketing, dtype: float64
07/26/2023 12:11:42 PM INFO Columnas para ser sumadas para OpEx - Repairs & Maintenance: ['52210-20: RE - Elevator/Escalator-Service Contracts', '52810-20: RE - Pest Control-Contract', '54210-20: RE - Landscaping-Gardening Contract', '62210-20: NRE - Elev-Service Contract', '62710-20: NRE - Fire & Safety-R&M Contract', '62710-40: NRE - Fire & Safety-Repairs & Maintenance', '62710-50: NRE - Fire & Safety-Supplies & Materials', '62810-20: NRE - Pest Control-Contract', '63990-20: NRE - Repairs And Maintenance', '64210-20: NRE - Landscaping-Gardening Contract', '64230-20: NRE - Pool-Service Contract', '64245-10: NRE - Turn-Over--Painting']
07/26/2023 12:11:42 PM INFO Columnas para ser restadas para OpEx - Repairs & Maintenance: []
07/26/2023 12:11:42 PM INFO Se aplican los divisores ([1, 1, 1, 1, 1, 1, 1, 1, 1, 1, 1, 1]) a la columna.
07/26/2023 12:11:42 PM INFO Datos para OpEx - Repairs & Maintenance: Jun 2022   -1403503.0
Jul 2022    -984824.0
Aug 2022   -3950541.0
Sep 2022     275731.0
Oct 2022   -1804967.0
Nov 2022   -2603924.0
Dec 2022   -3734820.0
Jan 2023   -1866444.0
Feb 2023   -4652724.0
Mar 2023   -5655885.0
Apr 2023   -4062189.0
May 2023   -4412194.0
Name: OpEx - Repairs & Maintenance, dtype: float64
07/26/2023 12:11:42 PM INFO Columnas para ser sumadas para OpEx - Office Expenses: ['51110-40: RE - Cleaning-Repairs&Maintenance', '51110-50: RE - Cleaning-Supplies&Materials', '53120-10: RE - Bldg R&M (Interior)-Lock & Keys', '53180-30: RE - Bldg R&M (Interior)-Generator', '61110-40: NRE - Cleaning-Repairs&Maintenance', '61110-50: NRE - Cleaning-Supplies & Materials', '63120-10: NRE - Bldg R&M (Interior)-Lock & Keys', '63160-10: NRE - Bldg R&M (Interior)-Supplies & Materials', '63165-10: NRE - Bldg R&M (Interior)-Uniforms', '63180-30: NRE - Bldg R&M (Interior)-Generator', '64140-10: NRE - Telephone', '64820-10: NRE - Supplies & Materials', '65310-10: NRE - Accounting/Tax', '65320-10: NRE - Legal Fees', '65330-10: NRE - Other Professional Fees', '65405-10: NRE - Meals & Entertainment', '65410-20: NRE - Office Employee Parking', '65420-10: NRE - Office Furniture/Equipment Rental', '65430-10: NRE - Office Supplies', '65440-10: NRE - Office Expense', '65440-95: NRE - Telecom/Internet', '65465-10: NRE - Credit Card Fee', '65470-10: NRE - License, Permit, & Fees', '65480-10: NRE - Postage/Messengerial', '65550-10: NRE - Training & Seminar', '95200-15: OI&E - Appraisal Fee']
07/26/2023 12:11:42 PM INFO Columnas para ser restadas para OpEx - Office Expenses: []
07/26/2023 12:11:42 PM INFO Se aplican los divisores ([1, 1, 1, 1, 1, 1, 1, 1, 1, 1, 1, 1]) a la columna.
07/26/2023 12:11:42 PM INFO Datos para OpEx - Office Expenses: Jun 2022   -16018692.0
Jul 2022   -36362968.0
Aug 2022     3224916.0
Sep 2022   -11644409.0
Oct 2022   -16681938.0
Nov 2022   -31567102.0
Dec 2022   -51303115.0
Jan 2023   -18025419.0
Feb 2023   -14430553.0
Mar 2023   -16846598.0
Apr 2023   -19054052.0
May 2023    -5912213.0
Name: OpEx - Office Expenses, dtype: float64
07/26/2023 12:11:42 PM INFO Columnas para ser sumadas para OpEx - Utilities: ['54110-10: RE - Electricity', '54130-10: RE - Water/Sewer', '64110-10: NRE - Electricity', '64120-10: NRE - Gas', '64130-10: NRE - Water/Sewer']
07/26/2023 12:11:42 PM INFO Columnas para ser restadas para OpEx - Utilities: []
07/26/2023 12:11:42 PM INFO Se aplican los divisores ([1, 1, 1, 1, 1, 1, 1, 1, 1, 1, 1, 1]) a la columna.
07/26/2023 12:11:42 PM INFO Datos para OpEx - Utilities: Jun 2022    -7881729.0
Jul 2022    -4175440.0
Aug 2022    -5037823.0
Sep 2022    -7763518.0
Oct 2022    -3270089.0
Nov 2022   -18102485.0
Dec 2022   -12691881.0
Jan 2023    -7858168.0
Feb 2023    -1286593.0
Mar 2023    -7015097.0
Apr 2023    -7747421.0
May 2023    -7809322.0
Name: OpEx - Utilities, dtype: float64
07/26/2023 12:11:42 PM INFO Columnas para ser sumadas para OpEx - Others: ['61400-10: NRE - Miscellaneous - Covid19', '65050-30: NRE - Non Creditable Vat', '65060-10: NRE - Late Fees', '65610-10: NRE - Travel - General', '65630-10: NRE - Auto Expense, Parking & Mileage', '65630-11: NRE - Non-Deductible Reimbursements', '68260-10: NRE - Tenant Activity/Relations', '68290-10: NRE - Tenant Subsidy', '70110-10: C&GE - Legal Services', '93110-10: OI&E - Bank Charges']
07/26/2023 12:11:42 PM INFO Columnas para ser restadas para OpEx - Others: ['91010-10: OI&E - Interest Income-Investment', '91050-10: OI&E - Interest Income-Others']
07/26/2023 12:11:42 PM INFO Se aplican los divisores ([1, 1, 1, 1, 1, 1, 1, 1, 1, 1, 1, 1]) a la columna.
07/26/2023 12:11:42 PM INFO Datos para OpEx - Others: Jun 2022   -3215670.0
Jul 2022   -2812650.0
Aug 2022   -3433215.0
Sep 2022   -4719009.0
Oct 2022   -5560501.0
Nov 2022   -4745655.0
Dec 2022   -9476099.0
Jan 2023   -5028764.0
Feb 2023   -2409465.0
Mar 2023   -1538161.0
Apr 2023     529582.0
May 2023    -847070.0
Name: OpEx - Others, dtype: float64
07/26/2023 12:11:42 PM INFO Columnas para ser sumadas para OpEx - Property Management Fee: ['65215-10: NRE - Property Mgmnt Fee-3Rd Party']
07/26/2023 12:11:42 PM INFO Columnas para ser restadas para OpEx - Property Management Fee: []
07/26/2023 12:11:42 PM INFO Se aplican los divisores ([1, 1, 1, 1, 1, 1, 1, 1, 1, 1, 1, 1]) a la columna.
07/26/2023 12:11:42 PM INFO Datos para OpEx - Property Management Fee: Jun 2022   -2326999.0
Jul 2022   -3855856.0
Aug 2022   -4387399.0
Sep 2022   -4850426.0
Oct 2022   -4467989.0
Nov 2022   -5393937.0
Dec 2022   -6787511.0
Jan 2023   -5236837.0
Feb 2023   -4824557.0
Mar 2023   -5317999.0
Apr 2023   -5509924.0
May 2023   -5959167.0
Name: OpEx - Property Management Fee, dtype: float64
07/26/2023 12:11:42 PM INFO Columnas para ser sumadas para SG&A - Real Estate Taxes: ['67110-10: NRE - Real Estate Tax']
07/26/2023 12:11:42 PM INFO Columnas para ser restadas para SG&A - Real Estate Taxes: []
07/26/2023 12:11:42 PM INFO Se aplican los divisores ([1, 1, 1, 1, 1, 1, 1, 1, 1, 1, 1, 1]) a la columna.
07/26/2023 12:11:42 PM INFO Datos para SG&A - Real Estate Taxes: Jun 2022    -6907071.0
Jul 2022    -6890680.0
Aug 2022          -0.0
Sep 2022    -7259745.0
Oct 2022          -0.0
Nov 2022    -7259745.0
Dec 2022    -3103243.0
Jan 2023    -1569786.0
Feb 2023          -0.0
Mar 2023          -0.0
Apr 2023   -10678625.0
May 2023     -107274.0
Name: SG&A - Real Estate Taxes, dtype: float64
07/26/2023 12:11:42 PM INFO Columnas para ser sumadas para SG&A - Insurance: ['67230-10: NRE - Property Insurance']
07/26/2023 12:11:42 PM INFO Columnas para ser restadas para SG&A - Insurance: []
07/26/2023 12:11:42 PM INFO Se aplican los divisores ([1, 1, 1, 1, 1, 1, 1, 1, 1, 1, 1, 1]) a la columna.
07/26/2023 12:11:42 PM INFO Datos para SG&A - Insurance: Jun 2022   -1822097.0
Jul 2022   -1822097.0
Aug 2022   -1822097.0
Sep 2022   -1822097.0
Oct 2022   -1822097.0
Nov 2022   -1822097.0
Dec 2022   -1822097.0
Jan 2023   -1803662.0
Feb 2023   -1845504.0
Mar 2023   -1824524.0
Apr 2023   -1824524.0
May 2023   -1824524.0
Name: SG&A - Insurance, dtype: float64
07/26/2023 12:11:42 PM INFO Se han creado columnas personalizadas.
07/26/2023 12:11:42 PM INFO Se han establecido estilos para bordes, franjas y encabezados
07/26/2023 12:11:42 PM INFO Se han aplicado estilos al archivo de Excel.
07/26/2023 12:11:42 PM INFO El archivo ha sido guardado como UF_modelo_12_Month_Statement.xlsx en /Users/joshmysore/Code/CCLA/uf-model-transform/UF_modelo_12_Month_Statement.xlsx_2023-26-07_12-11-38
